java.net.BindException: Address already in use (Bind failed)
	at java.base/java.net.PlainDatagramSocketImpl.bind0(Native Method)
	at java.base/java.net.AbstractPlainDatagramSocketImpl.bind(AbstractPlainDatagramSocketImpl.java:131)
	at java.base/java.net.DatagramSocket.bind(DatagramSocket.java:394)
	at java.base/java.net.DatagramSocket.<init>(DatagramSocket.java:244)
	at java.base/java.net.DatagramSocket.<init>(DatagramSocket.java:301)
	at cs451.Process.<init>(Process.java:62)
	at cs451.Main.main(Main.java:86)
Exception in thread "Thread-0" java.lang.NullPointerException
	at cs451.Listener.run(Listener.java:32)
Exception in thread "Thread-3" java.lang.NullPointerException
	at cs451.Sender.sendMessage(Sender.java:53)
	at cs451.Sender.run(Sender.java:29)
Exception in thread "Thread-19" java.lang.NullPointerException
	at cs451.Sender.sendMessage(Sender.java:53)
	at cs451.Sender.run(Sender.java:29)
Exception in thread "Thread-18" java.lang.NullPointerException
	at cs451.Sender.sendMessage(Sender.java:53)
	at cs451.Sender.run(Sender.java:29)
Exception in thread "Thread-17" java.lang.NullPointerException
	at cs451.Sender.sendMessage(Sender.java:53)
	at cs451.Sender.run(Sender.java:29)
Exception in thread "Thread-16" java.lang.NullPointerException
	at cs451.Sender.sendMessage(Sender.java:53)
	at cs451.Sender.run(Sender.java:29)
Exception in thread "Thread-15" java.lang.NullPointerException
	at cs451.Sender.sendMessage(Sender.java:53)
	at cs451.Sender.run(Sender.java:29)
Exception in thread "Thread-14" java.lang.NullPointerException
	at cs451.Sender.sendMessage(Sender.java:53)
	at cs451.Sender.run(Sender.java:29)
Exception in thread "Thread-13" java.lang.NullPointerException
	at cs451.Sender.sendMessage(Sender.java:53)
	at cs451.Sender.run(Sender.java:29)
Exception in thread "Thread-20" java.lang.NullPointerException
	at cs451.Sender.sendMessage(Sender.java:53)
	at cs451.Sender.run(Sender.java:29)
Exception in thread "Thread-11" java.lang.NullPointerException
	at cs451.Sender.sendMessage(Sender.java:53)
	at cs451.Sender.run(Sender.java:29)
Exception in thread "Thread-2" java.lang.NullPointerException
	at cs451.Sender.sendMessage(Sender.java:53)
	at cs451.Sender.run(Sender.java:29)
Exception in thread "Thread-21" java.lang.NullPointerException
	at cs451.Sender.sendMessage(Sender.java:53)
	at cs451.Sender.run(Sender.java:29)
Exception in thread "Thread-10" java.lang.NullPointerException
	at cs451.Sender.sendMessage(Sender.java:53)
	at cs451.Sender.run(Sender.java:29)
Exception in thread "Thread-9" java.lang.NullPointerException
	at cs451.Sender.sendMessage(Sender.java:53)
	at cs451.Sender.run(Sender.java:29)
Exception in thread "Thread-5" java.lang.NullPointerException
	at cs451.Sender.sendMessage(Sender.java:53)
	at cs451.Sender.run(Sender.java:29)
Exception in thread "Thread-12" java.lang.NullPointerException
	at cs451.Sender.sendMessage(Sender.java:53)
	at cs451.Sender.run(Sender.java:29)
Exception in thread "Thread-6" java.lang.NullPointerException
	at cs451.Sender.sendMessage(Sender.java:53)
	at cs451.Sender.run(Sender.java:29)
Exception in thread "Thread-4" java.lang.NullPointerException
	at cs451.Sender.sendMessage(Sender.java:53)
	at cs451.Sender.run(Sender.java:29)
Exception in thread "Thread-7" Exception in thread "Thread-8" java.lang.NullPointerException
	at cs451.Sender.sendMessage(Sender.java:53)
	at cs451.Sender.run(Sender.java:29)
Exception in thread "Thread-22" java.lang.NullPointerException
	at cs451.Sender.sendMessage(Sender.java:53)
	at cs451.Sender.run(Sender.java:29)
Exception in thread "Thread-23" java.lang.NullPointerException
	at cs451.Sender.sendMessage(Sender.java:53)
	at cs451.Sender.run(Sender.java:29)
Exception in thread "Thread-24" java.lang.NullPointerException
	at cs451.Sender.sendMessage(Sender.java:53)
	at cs451.Sender.run(Sender.java:29)
Exception in thread "Thread-25" java.lang.NullPointerException
	at cs451.Sender.sendMessage(Sender.java:53)
	at cs451.Sender.run(Sender.java:29)
Exception in thread "Thread-26" java.lang.NullPointerException
	at cs451.Sender.sendMessage(Sender.java:53)
	at cs451.Sender.run(Sender.java:29)
Exception in thread "Thread-27" java.lang.NullPointerException
	at cs451.Sender.sendMessage(Sender.java:53)
	at cs451.Sender.run(Sender.java:29)
Exception in thread "Thread-28" java.lang.NullPointerException
	at cs451.Sender.sendMessage(Sender.java:53)
	at cs451.Sender.run(Sender.java:29)
java.lang.NullPointerException
	at cs451.Sender.sendMessage(Sender.java:53)
	at cs451.Sender.run(Sender.java:29)
Exception in thread "Thread-30" Exception in thread "Thread-29" java.lang.NullPointerException
	at cs451.Sender.sendMessage(Sender.java:53)
	at cs451.Sender.run(Sender.java:29)
java.lang.NullPointerException
	at cs451.Sender.sendMessage(Sender.java:53)
	at cs451.Sender.run(Sender.java:29)
Exception in thread "Thread-32" java.lang.NullPointerException
	at cs451.Sender.sendMessage(Sender.java:53)
	at cs451.Sender.run(Sender.java:29)
Exception in thread "Thread-31" Exception in thread "Thread-33" java.lang.NullPointerException
	at cs451.Sender.sendMessage(Sender.java:53)
	at cs451.Sender.run(Sender.java:29)
Exception in thread "Thread-34" java.lang.NullPointerException
	at cs451.Sender.sendMessage(Sender.java:53)
	at cs451.Sender.run(Sender.java:29)
Exception in thread "Thread-35" java.lang.NullPointerException
	at cs451.Sender.sendMessage(Sender.java:53)
	at cs451.Sender.run(Sender.java:29)
java.lang.NullPointerException
	at cs451.Sender.sendMessage(Sender.java:53)
	at cs451.Sender.run(Sender.java:29)
Exception in thread "Thread-36" java.lang.NullPointerException
	at cs451.Sender.sendMessage(Sender.java:53)
	at cs451.Sender.run(Sender.java:29)
Exception in thread "Thread-37" java.lang.NullPointerException
	at cs451.Sender.sendMessage(Sender.java:53)
	at cs451.Sender.run(Sender.java:29)
Exception in thread "Thread-38" java.lang.NullPointerException
	at cs451.Sender.sendMessage(Sender.java:53)
	at cs451.Sender.run(Sender.java:29)
Exception in thread "Thread-39" java.lang.NullPointerException
	at cs451.Sender.sendMessage(Sender.java:53)
	at cs451.Sender.run(Sender.java:29)
Exception in thread "Thread-40" java.lang.NullPointerException
	at cs451.Sender.sendMessage(Sender.java:53)
	at cs451.Sender.run(Sender.java:29)
Exception in thread "Thread-41" java.lang.NullPointerException
	at cs451.Sender.sendMessage(Sender.java:53)
	at cs451.Sender.run(Sender.java:29)
Exception in thread "Thread-42" Exception in thread "Thread-44" java.lang.NullPointerException
	at cs451.Sender.sendMessage(Sender.java:53)
	at cs451.Sender.run(Sender.java:29)
Exception in thread "Thread-43" java.lang.NullPointerException
	at cs451.Sender.sendMessage(Sender.java:53)
	at cs451.Sender.run(Sender.java:29)
Exception in thread "Thread-45" java.lang.NullPointerException
	at cs451.Sender.sendMessage(Sender.java:53)
	at cs451.Sender.run(Sender.java:29)
Exception in thread "Thread-46" java.lang.NullPointerException
	at cs451.Sender.sendMessage(Sender.java:53)
	at cs451.Sender.run(Sender.java:29)
Exception in thread "Thread-47" java.lang.NullPointerException
	at cs451.Sender.sendMessage(Sender.java:53)
	at cs451.Sender.run(Sender.java:29)
Exception in thread "Thread-48" java.lang.NullPointerException
	at cs451.Sender.sendMessage(Sender.java:53)
	at cs451.Sender.run(Sender.java:29)
Exception in thread "Thread-49" java.lang.NullPointerException
	at cs451.Sender.sendMessage(Sender.java:53)
	at cs451.Sender.run(Sender.java:29)
Exception in thread "Thread-50" java.lang.NullPointerException
	at cs451.Sender.sendMessage(Sender.java:53)
	at cs451.Sender.run(Sender.java:29)
Exception in thread "Thread-51" java.lang.NullPointerException
	at cs451.Sender.sendMessage(Sender.java:53)
	at cs451.Sender.run(Sender.java:29)
java.lang.NullPointerException
	at cs451.Sender.sendMessage(Sender.java:53)
	at cs451.Sender.run(Sender.java:29)
